<?xml version="1.0" encoding="UTF-8" ?>
<testsuite tests="17" failures="0" name="com.kata.spring.cucumber.CucumberRunnerTest" time="0.401" errors="4" skipped="13">
  <properties>
[...]
</properties>
  <testcase classname="Scenario: Delete text messages from Whatsapp" name="Given In a conversation" time="0.019">
    <error type="java.lang.NullPointerException">java.lang.NullPointerException
	at com.kata.spring.cucumber.steps.SendAndDeleteMessages.inAConversation(SendAndDeleteMessages.java:48)
	at ✽.Given In a conversation(delete_sms.feature:5)
</error>
    <system-out>Feature: Delete text messages
</system-out>
  </testcase>
  <testcase classname="Scenario: Delete text messages from Whatsapp" name="Scenario: Delete text messages from Whatsapp" time="0.024">
    <error type="java.lang.NullPointerException">java.lang.NullPointerException
	at com.kata.spring.cucumber.steps.SendAndDeleteMessages.inAConversation(SendAndDeleteMessages.java:48)
	at ✽.Given In a conversation(delete_sms.feature:5)
</error>
  </testcase>
  <testcase classname="Scenario: Delete text messages from Whatsapp" name="When I click on the cloud of a message" time="0.035">
    <skipped/>
  </testcase>
  <testcase classname="Scenario: Delete text messages from Whatsapp" name="And A options panel is displayed" time="0.039">
    <skipped/>
  </testcase>
  <testcase classname="Scenario: Delete text messages from Whatsapp" name="And Several options are visualized" time="0.041">
    <skipped/>
  </testcase>
  <testcase classname="Scenario: Delete text messages from Whatsapp" name="Then I select the option &quot;Eliminar para todos&quot;" time="0.048">
    <skipped/>
  </testcase>
  <testcase classname="Scenario: Delete text messages from Whatsapp" name="And I click on the OK button" time="0.053">
    <skipped/>
  </testcase>
  <testcase classname="Scenario: Delete text messages from Whatsapp" name="And The message is removed from the conversation" time="0.058">
    <skipped/>
  </testcase>
  <testcase classname="Scenario: Delete text messages from Whatsapp" name="And It is displayed in the message cloud &quot;Eliminaste este mensaje&quot;" time="0.063">
    <skipped/>
  </testcase>
  <testcase classname="Scenario: Send text message from WhatsApp" name="Given In a conversation" time="0">
    <error type="java.lang.NullPointerException">java.lang.NullPointerException
	at com.kata.spring.cucumber.steps.SendAndDeleteMessages.inAConversation(SendAndDeleteMessages.java:48)
	at ✽.Given In a conversation(send_sms.feature:6)
</error>
    <system-out>
  Scenario: Delete text messages from Whatsapp                         &amp;#27;[90m# delete_sms.feature:3&amp;#27;[0m
    &amp;#27;[31mGiven &amp;#27;[0m&amp;#27;[31mIn a conversation&amp;#27;[0m                                            &amp;#27;[90m# SendAndDeleteMessages.inAConversation()&amp;#27;[0m
      &amp;#27;[31mjava.lang.NullPointerException
      	at com.kata.spring.cucumber.steps.SendAndDeleteMessages.inAConversation(SendAndDeleteMessages.java:48)
      	at ?.Given In a conversation(delete_sms.feature:5)
      &amp;#27;[0m
    &amp;#27;[36mWhen &amp;#27;[0m&amp;#27;[36mI click on the cloud of a message&amp;#27;[0m                             &amp;#27;[90m# SendAndDeleteMessages.iClickOnTheCloudOfAMessage()&amp;#27;[0m
    &amp;#27;[36mAnd &amp;#27;[0m&amp;#27;[36mA options panel is displayed&amp;#27;[0m                                   &amp;#27;[90m# SendAndDeleteMessages.aOptionsPanelIsDisplayed()&amp;#27;[0m
    &amp;#27;[36mAnd &amp;#27;[0m&amp;#27;[36mSeveral options are visualized&amp;#27;[0m                                 &amp;#27;[90m# SendAndDeleteMessages.severalOptionsAreVisualized()&amp;#27;[0m
    &amp;#27;[36mThen &amp;#27;[0m&amp;#27;[36mI select the option &quot;&amp;#27;[0m&amp;#27;[36m&amp;#27;[1mEliminar para todos&amp;#27;[0m&amp;#27;[36m&quot;&amp;#27;[0m                     &amp;#27;[90m# SendAndDeleteMessages.iSelectTheOption(String)&amp;#27;[0m
    &amp;#27;[36mAnd &amp;#27;[0m&amp;#27;[36mI click on the OK button&amp;#27;[0m                                       &amp;#27;[90m# SendAndDeleteMessages.iClickOnTheOKButton()&amp;#27;[0m
    &amp;#27;[36mAnd &amp;#27;[0m&amp;#27;[36mThe message is removed from the conversation&amp;#27;[0m                   &amp;#27;[90m# SendAndDeleteMessages.theMessageIsRemovedFromTheConversation()&amp;#27;[0m
    &amp;#27;[36mAnd &amp;#27;[0m&amp;#27;[36mIt is displayed in the message cloud &quot;&amp;#27;[0m&amp;#27;[36m&amp;#27;[1mEliminaste este mensaje&amp;#27;[0m&amp;#27;[36m&quot;&amp;#27;[0m &amp;#27;[90m# SendAndDeleteMessages.itIsDisplayedInTheMessageCloud(String)&amp;#27;[0m
Feature: Sending text messages
</system-out>
  </testcase>
  <testcase classname="Scenario: Send text message from WhatsApp" name="Scenario: Send text message from WhatsApp" time="0.003">
    <error type="java.lang.NullPointerException">java.lang.NullPointerException
	at com.kata.spring.cucumber.steps.SendAndDeleteMessages.inAConversation(SendAndDeleteMessages.java:48)
	at ✽.Given In a conversation(send_sms.feature:6)
</error>
  </testcase>
  <testcase classname="Scenario: Send text message from WhatsApp" name="When I write a text message &quot;Hola, como estás&quot;" time="0.003">
    <skipped/>
  </testcase>
  <testcase classname="Scenario: Send text message from WhatsApp" name="And I press the send button" time="0.003">
    <skipped/>
  </testcase>
  <testcase classname="Scenario: Send text message from WhatsApp" name="Then The message is displayed in a cloud" time="0.003">
    <skipped/>
  </testcase>
  <testcase classname="Scenario: Send text message from WhatsApp" name="And Two gray arrows are displayed" time="0.003">
    <skipped/>
  </testcase>
  <testcase classname="Scenario: Send text message from WhatsApp" name="Then The text box is cleaned" time="0.003">
    <skipped/>
  </testcase>
  <testcase classname="Scenario: Send text message from WhatsApp" name="And The cursor is placed at the beginning to send another message" time="0.003">
    <skipped/>
  </testcase>
</testsuite>